<?xml version="1.0" encoding="UTF-8"?>
<!-- Generated by org.testng.reporters.JUnitReportReporter -->
<testsuite skipped="0" hostname="LAPTOP-RKLFL6RF" name="com.secondtestng1214.FolloeKabirBhai1214" tests="5" failures="0" timestamp="2020-12-15T22:36:35 EST" time="0.008" errors="0">
  <testcase name="Booking_eticket_tc1" time="0.001" classname="com.secondtestng1214.FolloeKabirBhai1214"/>
  <system-out/>
  <testcase name="Booking_eticket_tc2" time="0.002" classname="com.secondtestng1214.FolloeKabirBhai1214"/>
  <system-out/>
  <testcase name="Booking_eticket_tc0" time="0.001" classname="com.secondtestng1214.FolloeKabirBhai1214"/>
  <system-out/>
  <testcase name="Booking_eticket_tc4" time="0.002" classname="com.secondtestng1214.FolloeKabirBhai1214"/>
  <system-out/>
  <testcase name="Bookingeticket_tc3" time="0.002" classname="com.secondtestng1214.FolloeKabirBhai1214"/>
  <system-out/>
</testsuite> <!-- com.secondtestng1214.FolloeKabirBhai1214 -->
