<?xml version="1.0" encoding="UTF-8"?>
<!-- Generated by org.testng.reporters.JUnitReportReporter -->
<testsuite skipped="0" hostname="LAPTOP-RKLFL6RF" name="com.secondtestng1214.BookingFlight1214" tests="1" failures="0" timestamp="2020-12-15T22:46:55 EST" time="0.007" errors="0">
  <testcase name="Booking_Flight_Timetc2" time="0.007" classname="com.secondtestng1214.BookingFlight1214"/>
  <system-out/>
</testsuite> <!-- com.secondtestng1214.BookingFlight1214 -->
