<?xml version="1.0" encoding="UTF-8"?>
<!-- Generated by org.testng.reporters.JUnitReportReporter -->
<testsuite skipped="0" hostname="LAPTOP-RKLFL6RF" name="com.secondtestng1214.MyHolidayPackage" tests="3" failures="0" timestamp="2020-12-15T22:36:35 EST" time="0.002" errors="0">
  <testcase name="Hotel_Check_In_Timetc2" time="0.001" classname="com.secondtestng1214.MyHolidayPackage"/>
  <system-out/>
  <testcase name="Hotel_Check_Out_Timetc3" time="0.001" classname="com.secondtestng1214.MyHolidayPackage"/>
  <system-out/>
  <testcase name="Hotel_tc1" time="0.000" classname="com.secondtestng1214.MyHolidayPackage"/>
  <system-out/>
</testsuite> <!-- com.secondtestng1214.MyHolidayPackage -->
