<?xml version="1.0" encoding="UTF-8"?>
<!-- Generated by org.testng.reporters.JUnitReportReporter -->
<testsuite skipped="0" hostname="LAPTOP-RKLFL6RF" name="com.secondtestng1214.BookingCarRental" tests="1" failures="0" timestamp="2020-12-15T22:46:55 EST" time="0.002" errors="0">
  <testcase name="Bookingeticket_tc3" time="0.002" classname="com.secondtestng1214.BookingCarRental"/>
  <system-out/>
</testsuite> <!-- com.secondtestng1214.BookingCarRental -->
