<?xml version="1.0" encoding="UTF-8"?>
<!-- Generated by org.testng.reporters.JUnitReportReporter -->
<testsuite skipped="0" hostname="LAPTOP-RKLFL6RF" name="BookingHotel.BookingHotel1214" tests="2" failures="0" timestamp="2020-12-15T22:36:35 EST" time="0.004" errors="0">
  <testcase name="Booking_Hotel_mountain_Tc2" time="0.001" classname="BookingHotel.BookingHotel1214"/>
  <system-out/>
  <testcase name="Booking_Hotel_mountain_Tc1" time="0.003" classname="BookingHotel.BookingHotel1214"/>
  <system-out/>
</testsuite> <!-- BookingHotel.BookingHotel1214 -->
